<?xml version="1.0" encoding="UTF-8"?>
<!-- Generated by org.testng.reporters.JUnitXMLReporter -->
<testsuite ignored="0" hostname="LAPTOP-GL3M73A9" failures="0" tests="4" name="Default test" time="0.072" errors="0" timestamp="2021-08-19T02:36:14 IST">
  <testcase classname="TestCases" name="commaDelimitedReturnsSum" time="0.01"/>
  <testcase classname="TestCases" name="emptyStringReturnsZero" time="0.003"/>
  <testcase classname="TestCases" name="singleValueIsReplied" time="0.002"/>
  <testcase classname="TestCases" name="twoNumbersNewLineDelimitedReturnsSum" time="0.002"/>
</testsuite> <!-- Default test -->
