<?xml version="1.0" encoding="UTF-8"?>
<!-- Generated by org.testng.reporters.JUnitXMLReporter -->
<testsuite ignored="0" hostname="LAPTOP-GL3M73A9" failures="0" tests="5" name="Default test" time="0.078" errors="0" timestamp="2021-08-19T02:50:30 IST">
  <testcase classname="TestCases" name="commaDelimitedReturnsSum" time="0.008"/>
  <testcase classname="TestCases" name="emptyStringReturnsZero" time="0.002"/>
  <testcase classname="TestCases" name="singleValueIsReplied" time="0.001"/>
  <testcase classname="TestCases" name="threeNumbersDelimitedBothWaysReturnsSum" time="0.001"/>
  <testcase classname="TestCases" name="twoNumbersNewLineDelimitedReturnsSum" time="0.002"/>
</testsuite> <!-- Default test -->
