<?xml version="1.0" encoding="UTF-8"?>
<testng-results ignored="0" total="2" passed="2" failed="0" skipped="0">
  <reporter-output>
  </reporter-output>
  <suite started-at="2021-08-19T01:36:00 IST" name="Default suite" finished-at="2021-08-19T01:36:00 IST" duration-ms="92">
    <groups>
    </groups>
    <test started-at="2021-08-19T01:36:00 IST" name="Default test" finished-at="2021-08-19T01:36:00 IST" duration-ms="92">
      <class name="TestCases">
        <test-method is-config="true" signature="init()[pri:0, instance:TestCases@48974e45]" started-at="2021-08-19T01:36:00 IST" name="init" finished-at="2021-08-19T01:36:00 IST" duration-ms="14" status="PASS">
          <reporter-output>
          </reporter-output>
        </test-method> <!-- init -->
        <test-method signature="emptyStringReturnsZero()[pri:0, instance:TestCases@48974e45]" started-at="2021-08-19T01:36:00 IST" name="emptyStringReturnsZero" finished-at="2021-08-19T01:36:00 IST" duration-ms="13" status="PASS">
          <reporter-output>
          </reporter-output>
        </test-method> <!-- emptyStringReturnsZero -->
        <test-method signature="singleValueIsReplied()[pri:0, instance:TestCases@48974e45]" started-at="2021-08-19T01:36:00 IST" name="singleValueIsReplied" finished-at="2021-08-19T01:36:00 IST" duration-ms="2" status="PASS">
          <reporter-output>
          </reporter-output>
        </test-method> <!-- singleValueIsReplied -->
      </class> <!-- TestCases -->
    </test> <!-- Default test -->
  </suite> <!-- Default suite -->
</testng-results>
