<?xml version="1.0" encoding="UTF-8"?>
<testng-results ignored="0" total="3" passed="3" failed="0" skipped="0">
  <reporter-output>
  </reporter-output>
  <suite started-at="2021-08-19T02:24:56 IST" name="Default suite" finished-at="2021-08-19T02:24:56 IST" duration-ms="191">
    <groups>
    </groups>
    <test started-at="2021-08-19T02:24:56 IST" name="Default test" finished-at="2021-08-19T02:24:56 IST" duration-ms="191">
      <class name="TestCases">
        <test-method is-config="true" signature="init()[pri:0, instance:TestCases@6a84a97d]" started-at="2021-08-19T02:24:56 IST" name="init" finished-at="2021-08-19T02:24:56 IST" duration-ms="21" status="PASS">
          <reporter-output>
          </reporter-output>
        </test-method> <!-- init -->
        <test-method signature="commaDelimitedReturnsSum()[pri:0, instance:TestCases@6a84a97d]" started-at="2021-08-19T02:24:56 IST" name="commaDelimitedReturnsSum" finished-at="2021-08-19T02:24:56 IST" duration-ms="35" status="PASS">
          <reporter-output>
          </reporter-output>
        </test-method> <!-- commaDelimitedReturnsSum -->
        <test-method signature="emptyStringReturnsZero()[pri:0, instance:TestCases@6a84a97d]" started-at="2021-08-19T02:24:56 IST" name="emptyStringReturnsZero" finished-at="2021-08-19T02:24:56 IST" duration-ms="3" status="PASS">
          <reporter-output>
          </reporter-output>
        </test-method> <!-- emptyStringReturnsZero -->
        <test-method signature="singleValueIsReplied()[pri:0, instance:TestCases@6a84a97d]" started-at="2021-08-19T02:24:56 IST" name="singleValueIsReplied" finished-at="2021-08-19T02:24:56 IST" duration-ms="11" status="PASS">
          <reporter-output>
          </reporter-output>
        </test-method> <!-- singleValueIsReplied -->
      </class> <!-- TestCases -->
    </test> <!-- Default test -->
  </suite> <!-- Default suite -->
</testng-results>
